[     154ms] [INFO] %cDownload the React DevTools for a better development experience: https://react.dev/link/react-devtools font-weight:bold @ http://localhost:5175/node_modules/.vite/deps/react-dom_client.js?v=2ef9c194:20102
[     176ms] [INFO] 🌐 i18next is maintained with support from Locize — consider powering your project with managed localization (AI, CDN, integrations): https://locize.com 💙 @ http://localhost:5175/node_modules/.vite/deps/chunk-C7IJQAY5.js?v=2ef9c194:1772
[     501ms] [WARNING] [consumables] VITE_REVENUECAT_API_KEY not set, consumables disabled @ http://localhost:5175/src/config/consumables.ts:12
[     505ms] [WARNING] [consumables] VITE_REVENUECAT_API_KEY not set, consumables disabled @ http://localhost:5175/src/config/consumables.ts:12
[  632503ms] [INFO] %cDownload the React DevTools for a better development experience: https://react.dev/link/react-devtools font-weight:bold @ http://localhost:5175/node_modules/.vite/deps/react-dom_client.js?v=2ef9c194:20102
[  632531ms] [INFO] 🌐 i18next is maintained with support from Locize — consider powering your project with managed localization (AI, CDN, integrations): https://locize.com 💙 @ http://localhost:5175/node_modules/.vite/deps/chunk-C7IJQAY5.js?v=2ef9c194:1772
[  632867ms] [WARNING] [consumables] VITE_REVENUECAT_API_KEY not set, consumables disabled @ http://localhost:5175/src/config/consumables.ts:12
[  632872ms] [WARNING] [consumables] VITE_REVENUECAT_API_KEY not set, consumables disabled @ http://localhost:5175/src/config/consumables.ts:12
[ 1673703ms] [INFO] %cDownload the React DevTools for a better development experience: https://react.dev/link/react-devtools font-weight:bold @ http://localhost:5175/node_modules/.vite/deps/react-dom_client.js?v=2ef9c194:20102
[ 1673729ms] [INFO] 🌐 i18next is maintained with support from Locize — consider powering your project with managed localization (AI, CDN, integrations): https://locize.com 💙 @ http://localhost:5175/node_modules/.vite/deps/chunk-C7IJQAY5.js?v=2ef9c194:1772
[ 1674070ms] [WARNING] [consumables] VITE_REVENUECAT_API_KEY not set, consumables disabled @ http://localhost:5175/src/config/consumables.ts:12
[ 1674074ms] [WARNING] [consumables] VITE_REVENUECAT_API_KEY not set, consumables disabled @ http://localhost:5175/src/config/consumables.ts:12
[ 1722397ms] [ERROR] [vite] SyntaxError: The requested module '/node_modules/.vite/deps/@sudobility_seo_lib.js?v=2ef9c194' does not provide an export named 'useSEOUpdate' @ http://localhost:5175/@vite/client:881
[ 1722400ms] [ERROR] [vite] Failed to reload /src/pages/TutorialsPage.tsx. This could be due to syntax errors or importing non-existent modules. (see errors above) @ http://localhost:5175/@vite/client:881
[ 1729344ms] [ERROR] [vite] SyntaxError: The requested module '/node_modules/.vite/deps/@sudobility_seo_lib.js?v=2ef9c194' does not provide an export named 'useSEOUpdate' @ http://localhost:5175/@vite/client:881
[ 1729344ms] [ERROR] [vite] Failed to reload /src/pages/TutorialsPage.tsx. This could be due to syntax errors or importing non-existent modules. (see errors above) @ http://localhost:5175/@vite/client:881
[ 1738366ms] [INFO] %cDownload the React DevTools for a better development experience: https://react.dev/link/react-devtools font-weight:bold @ http://localhost:5175/node_modules/.vite/deps/react-dom_client.js?v=2ef9c194:20102
[ 1738393ms] [INFO] 🌐 i18next is maintained with support from Locize — consider powering your project with managed localization (AI, CDN, integrations): https://locize.com 💙 @ http://localhost:5175/node_modules/.vite/deps/chunk-C7IJQAY5.js?v=2ef9c194:1772
[ 1738729ms] The requested module '/node_modules/.vite/deps/@sudobility_seo_lib.js?v=2ef9c194' does not provide an export named 'useSEOUpdate'
[ 1738714ms] [WARNING] %s

%s
 An error occurred in one of your React components. Consider adding an error boundary to your tree to customize error handling behavior.
Visit https://react.dev/link/error-boundaries to learn more about error boundaries. @ http://localhost:5175/node_modules/.vite/deps/react-dom_client.js?v=2ef9c194:6965
[ 1822321ms] [LOG] [vite] server connection lost. Polling for restart... @ http://localhost:5175/@vite/client:963
[ 1822326ms] [ERROR] WebSocket connection to 'ws://localhost:5175/' failed: Error in connection establishment: net::ERR_CONNECTION_REFUSED @ http://localhost:5175/@vite/client:1034
[ 1823328ms] [ERROR] WebSocket connection to 'ws://localhost:5175/' failed: Error in connection establishment: net::ERR_CONNECTION_REFUSED @ http://localhost:5175/@vite/client:1034
[ 1826539ms] [INFO] %cDownload the React DevTools for a better development experience: https://react.dev/link/react-devtools font-weight:bold @ http://localhost:5175/node_modules/.vite/deps/react-dom_client.js?v=da72ed0b:20102
[ 1826585ms] [INFO] 🌐 i18next is maintained with support from Locize — consider powering your project with managed localization (AI, CDN, integrations): https://locize.com 💙 @ http://localhost:5175/node_modules/.vite/deps/chunk-C7IJQAY5.js?v=d7b7a67e:1772
[ 1826945ms] [WARNING] [consumables] VITE_REVENUECAT_API_KEY not set, consumables disabled @ http://localhost:5175/src/config/consumables.ts:12
[ 1826950ms] [WARNING] [consumables] VITE_REVENUECAT_API_KEY not set, consumables disabled @ http://localhost:5175/src/config/consumables.ts:12
[12525349ms] [INFO] %cDownload the React DevTools for a better development experience: https://react.dev/link/react-devtools font-weight:bold @ http://localhost:5175/node_modules/.vite/deps/react-dom_client.js?v=da72ed0b:20102
[12525409ms] [INFO] 🌐 i18next is maintained with support from Locize — consider powering your project with managed localization (AI, CDN, integrations): https://locize.com 💙 @ http://localhost:5175/node_modules/.vite/deps/chunk-C7IJQAY5.js?v=d7b7a67e:1772
[12525880ms] [WARNING] [consumables] VITE_REVENUECAT_API_KEY not set, consumables disabled @ http://localhost:5175/src/config/consumables.ts:12
[12525884ms] [WARNING] [consumables] VITE_REVENUECAT_API_KEY not set, consumables disabled @ http://localhost:5175/src/config/consumables.ts:12
[52834608ms] [INFO] %cDownload the React DevTools for a better development experience: https://react.dev/link/react-devtools font-weight:bold @ http://localhost:5175/node_modules/.vite/deps/react-dom_client.js?v=da72ed0b:20102
[52834687ms] [INFO] 🌐 i18next is maintained with support from Locize — consider powering your project with managed localization (AI, CDN, integrations): https://locize.com 💙 @ http://localhost:5175/node_modules/.vite/deps/chunk-C7IJQAY5.js?v=d7b7a67e:1772
[52835359ms] [WARNING] [consumables] VITE_REVENUECAT_API_KEY not set, consumables disabled @ http://localhost:5175/src/config/consumables.ts:12
[52835361ms] [WARNING] [consumables] VITE_REVENUECAT_API_KEY not set, consumables disabled @ http://localhost:5175/src/config/consumables.ts:12
[52867809ms] [INFO] %cDownload the React DevTools for a better development experience: https://react.dev/link/react-devtools font-weight:bold @ http://localhost:5175/node_modules/.vite/deps/react-dom_client.js?v=da72ed0b:20102
[52867839ms] [INFO] 🌐 i18next is maintained with support from Locize — consider powering your project with managed localization (AI, CDN, integrations): https://locize.com 💙 @ http://localhost:5175/node_modules/.vite/deps/chunk-C7IJQAY5.js?v=d7b7a67e:1772
[52868238ms] [WARNING] [consumables] VITE_REVENUECAT_API_KEY not set, consumables disabled @ http://localhost:5175/src/config/consumables.ts:12
[52868239ms] [WARNING] [consumables] VITE_REVENUECAT_API_KEY not set, consumables disabled @ http://localhost:5175/src/config/consumables.ts:12
[52892516ms] [INFO] %cDownload the React DevTools for a better development experience: https://react.dev/link/react-devtools font-weight:bold @ http://localhost:5175/node_modules/.vite/deps/react-dom_client.js?v=da72ed0b:20102
[52892565ms] [INFO] 🌐 i18next is maintained with support from Locize — consider powering your project with managed localization (AI, CDN, integrations): https://locize.com 💙 @ http://localhost:5175/node_modules/.vite/deps/chunk-C7IJQAY5.js?v=d7b7a67e:1772
[52893193ms] [WARNING] [consumables] VITE_REVENUECAT_API_KEY not set, consumables disabled @ http://localhost:5175/src/config/consumables.ts:12
[52893194ms] [WARNING] [consumables] VITE_REVENUECAT_API_KEY not set, consumables disabled @ http://localhost:5175/src/config/consumables.ts:12
[52942953ms] [ERROR] [vite] SyntaxError: The requested module '/node_modules/.vite/deps/@sudobility_seo_lib.js?v=d0965b05' does not provide an export named 'usePageSEO' @ http://localhost:5175/@vite/client:881
[52942954ms] [ERROR] [vite] Failed to reload /src/pages/ConvertPage.tsx. This could be due to syntax errors or importing non-existent modules. (see errors above) @ http://localhost:5175/@vite/client:881
[52947183ms] [ERROR] [vite] SyntaxError: The requested module '/node_modules/.vite/deps/@sudobility_seo_lib.js?v=d0965b05' does not provide an export named 'usePageSEO' @ http://localhost:5175/@vite/client:881
[52947184ms] [ERROR] [vite] Failed to reload /src/pages/ConvertPage.tsx. This could be due to syntax errors or importing non-existent modules. (see errors above) @ http://localhost:5175/@vite/client:881
[52960553ms] [ERROR] [vite] SyntaxError: The requested module '/node_modules/.vite/deps/@sudobility_seo_lib.js?v=d0965b05' does not provide an export named 'usePageSEO' @ http://localhost:5175/@vite/client:881
[52960554ms] [ERROR] [vite] Failed to reload /src/pages/ConvertPage.tsx. This could be due to syntax errors or importing non-existent modules. (see errors above) @ http://localhost:5175/@vite/client:881
[62274655ms] [ERROR] [vite] SyntaxError: The requested module '/node_modules/.vite/deps/@sudobility_seo_lib.js?v=d0965b05' does not provide an export named 'usePageSEO' @ http://localhost:5175/@vite/client:881
[62274658ms] [ERROR] [vite] Failed to reload /src/pages/TutorialsPage.tsx. This could be due to syntax errors or importing non-existent modules. (see errors above) @ http://localhost:5175/@vite/client:881
[62279654ms] [ERROR] [vite] SyntaxError: The requested module '/node_modules/.vite/deps/@sudobility_seo_lib.js?v=d0965b05' does not provide an export named 'usePageSEO' @ http://localhost:5175/@vite/client:881
[62279655ms] [ERROR] [vite] Failed to reload /src/pages/TutorialsPage.tsx. This could be due to syntax errors or importing non-existent modules. (see errors above) @ http://localhost:5175/@vite/client:881
[62286403ms] [ERROR] [vite] SyntaxError: The requested module '/node_modules/.vite/deps/@sudobility_seo_lib.js?v=d0965b05' does not provide an export named 'usePageSEO' @ http://localhost:5175/@vite/client:881
[62286404ms] [ERROR] [vite] Failed to reload /src/pages/TutorialsPage.tsx. This could be due to syntax errors or importing non-existent modules. (see errors above) @ http://localhost:5175/@vite/client:881
[62291090ms] [ERROR] [vite] SyntaxError: The requested module '/node_modules/.vite/deps/@sudobility_seo_lib.js?v=d0965b05' does not provide an export named 'usePageSEO' @ http://localhost:5175/@vite/client:881
[62291090ms] [ERROR] [vite] Failed to reload /src/pages/TutorialsPage.tsx. This could be due to syntax errors or importing non-existent modules. (see errors above) @ http://localhost:5175/@vite/client:881
[62317386ms] The requested module '/node_modules/.vite/deps/@sudobility_seo_lib.js?v=d0965b05' does not provide an export named 'usePageSEO'
